<?xml version="1.0" encoding="UTF-8"?>
<!-- Generated by org.testng.reporters.JUnitXMLReporter -->
<testsuite ignored="0" hostname="DESKTOP-U2P560E" failures="3" tests="14" name="Surefire test" time="7.189" errors="0" timestamp="2022-08-31T18:49:15 EDT">
  <testcase classname="twitterAPITest.Tweet2Test" name="testGetUserTimeLineTweet" time="1.243"/>
  <testcase classname="twitterAPITest.Tweet2Test" name="testGetUserTimeLineTweetFollowing" time="0.385"/>
  <testcase classname="twitterAPITest.TweetTest" name="testGetUserTimeLineTweet" time="1.24">
    <failure type="java.lang.AssertionError" message="Text value does not match expected [Hello Babor Vai, Welcome to our class6] but found [We are learning Rest API Automation and Hashem is the team Lead52ebbd53-913d-4f82-a8d2-3b8f395fc166]">
      <![CDATA[java.lang.AssertionError: Text value does not match expected [Hello Babor Vai, Welcome to our class6] but found [We are learning Rest API Automation and Hashem is the team Lead52ebbd53-913d-4f82-a8d2-3b8f395fc166]
at twitterAPITest.TweetTest.testGetUserTimeLineTweet(TweetTest.java:40)
at java.base/java.util.ArrayList.forEach(ArrayList.java:1541)
... Removed 37 stack frames]]>
    </failure>
  </testcase> <!-- testGetUserTimeLineTweet -->
  <testcase classname="twitterAPITest.TweetTest" name="testGetUserTimeLineTweetNew" time="0.678">
    <failure type="java.lang.AssertionError" message="Text value does not match expected [Hello Babor Vai, Welcome to our class6] but found [We are learning Rest API Automation and Hashem is the team Lead52ebbd53-913d-4f82-a8d2-3b8f395fc166]">
      <![CDATA[java.lang.AssertionError: Text value does not match expected [Hello Babor Vai, Welcome to our class6] but found [We are learning Rest API Automation and Hashem is the team Lead52ebbd53-913d-4f82-a8d2-3b8f395fc166]
at twitterAPITest.TweetTest.testGetUserTimeLineTweetNew(TweetTest.java:62)
at java.base/java.util.ArrayList.forEach(ArrayList.java:1541)
... Removed 37 stack frames]]>
    </failure>
  </testcase> <!-- testGetUserTimeLineTweetNew -->
  <testcase classname="twitterAPITest.TweetTest" name="testPropertyFromResponse" time="0.729"/>
  <testcase classname="twitterAPITest.TweetTest" name="verifyCreateTweet" time="0.283">
    <failure type="java.lang.AssertionError" message="1 expectation failed.
Expected status code &amp;lt;200&amp;gt; but was &amp;lt;403&amp;gt;.
">
      <![CDATA[java.lang.AssertionError: 1 expectation failed.
Expected status code <200> but was <403>.

at org.codehaus.groovy.runtime.callsite.ConstructorSite$ConstructorSiteNoUnwrap.callConstructor(ConstructorSite.java:86)
at org.codehaus.groovy.runtime.callsite.CallSiteArray.defaultCallConstructor(CallSiteArray.java:58)
at org.codehaus.groovy.runtime.callsite.AbstractCallSite.callConstructor(AbstractCallSite.java:263)
at org.codehaus.groovy.runtime.callsite.AbstractCallSite.callConstructor(AbstractCallSite.java:277)
at io.restassured.internal.ResponseSpecificationImpl$HamcrestAssertionClosure.validate(ResponseSpecificationImpl.groovy:512)
at io.restassured.internal.ResponseSpecificationImpl$HamcrestAssertionClosure$validate$1.call(Unknown Source)
at io.restassured.internal.ResponseSpecificationImpl.validateResponseIfRequired(ResponseSpecificationImpl.groovy:696)
at io.restassured.internal.ResponseSpecificationImpl.this$2$validateResponseIfRequired(ResponseSpecificationImpl.groovy)
at org.codehaus.groovy.runtime.callsite.PlainObjectMetaMethodSite.doInvoke(PlainObjectMetaMethodSite.java:43)
at org.codehaus.groovy.runtime.callsite.PogoMetaMethodSite$PogoCachedMethodSiteNoUnwrapNoCoerce.invoke(PogoMetaMethodSite.java:198)
at org.codehaus.groovy.runtime.callsite.PogoMetaMethodSite.callCurrent(PogoMetaMethodSite.java:62)
at org.codehaus.groovy.runtime.callsite.AbstractCallSite.callCurrent(AbstractCallSite.java:185)
at io.restassured.internal.ResponseSpecificationImpl.statusCode(ResponseSpecificationImpl.groovy:135)
at io.restassured.specification.ResponseSpecification$statusCode$0.callCurrent(Unknown Source)
at io.restassured.internal.ResponseSpecificationImpl.statusCode(ResponseSpecificationImpl.groovy:143)
at io.restassured.internal.ValidatableResponseOptionsImpl.statusCode(ValidatableResponseOptionsImpl.java:89)
at twitterAPITest.TweetTest.verifyCreateTweet(TweetTest.java:75)
at java.base/java.util.ArrayList.forEach(ArrayList.java:1541)
... Removed 42 stack frames]]>
    </failure>
  </testcase> <!-- verifyCreateTweet -->
  <testcase classname="twitterAPITest.TweetTest" name="verifyDeleteTweet" time="0.214"/>
  <testcase classname="twitterAPITest.TweetTest" name="verifyHeaderValue" time="0.329"/>
  <testcase classname="twitterAPITest.TweetTest" name="verifyHeaderValue1" time="0.264"/>
  <testcase classname="twitterAPITest.TweetTest" name="verifyResponseTime" time="0.268"/>
  <testcase classname="twitterAPITest.TweetTest" name="verifyUserCanNotCreateSameTweetTwiceInARow" time="0.189"/>
  <testcase classname="typicodeTest.TestTypiCode" name="testCreatePost" time="0.367"/>
  <testcase classname="typicodeTest.TestTypiCode" name="testGetAllPosts" time="0.09"/>
  <testcase classname="typicodeTest.TestTypiCode" name="testUserCanCreateAPostSuccessfully" time="0.156"/>
</testsuite> <!-- Surefire test -->
