<!DOCTYPE html PUBLIC "-//W3C//DTD XHTML 1.1//EN" "https://www.w3.org/TR/xhtml11/DTD/xhtml11.dtd">
<html xmlns="https://www.w3.org/1999/xhtml">
<head>
<meta http-equiv="content-type" content="text/html; charset=UTF-8"/>
<title>TestNG Report</title>
<style type="text/css">table {margin-bottom:10px;border-collapse:collapse;empty-cells:show}th,td {border:1px solid #009;padding:.25em .5em}th {vertical-align:bottom}td {vertical-align:top}table a {font-weight:bold}.stripe td {background-color: #E6EBF9}.num {text-align:right}.passedodd td {background-color: #3F3}.passedeven td {background-color: #0A0}.skippedodd td {background-color: #DDD}.skippedeven td {background-color: #CCC}.failedodd td,.attn {background-color: #F33}.failedeven td,.stripe .attn {background-color: #D00}.stacktrace {white-space:pre;font-family:monospace}.totop {font-size:85%;text-align:center;border-bottom:2px solid #000}.invisible {display:none}</style>
</head>
<body>
<table>
<tr><th>Test</th><th># Passed</th><th># Skipped</th><th># Retried</th><th># Failed</th><th>Time (ms)</th><th>Included Groups</th><th>Excluded Groups</th></tr>
<tr><th colspan="8">Surefire suite</th></tr>
<tr><td><a href="#t0">Surefire test</a></td><td class="num">11</td><td class="num">0</td><td class="num">0</td><td class="num attn">3</td><td class="num">7,189</td><td></td><td></td></tr>
</table>
<table id='summary'><thead><tr><th>Class</th><th>Method</th><th>Start</th><th>Time (ms)</th></tr></thead><tbody><tr><th colspan="4">Surefire suite</th></tr></tbody><tbody id="t0"><tr><th colspan="4">Surefire test &#8212; failed</th></tr><tr class="failedeven"><td rowspan="3">twitterAPITest.TweetTest</td><td><a href="#m0">testGetUserTimeLineTweet</a></td><td rowspan="1">1661986150365</td><td rowspan="1">1240</td></tr><tr class="failedeven"><td><a href="#m1">testGetUserTimeLineTweetNew</a></td><td rowspan="1">1661986151605</td><td rowspan="1">678</td></tr><tr class="failedeven"><td><a href="#m2">verifyCreateTweet</a></td><td rowspan="1">1661986153027</td><td rowspan="1">283</td></tr><tr><th colspan="4">Surefire test &#8212; passed</th></tr><tr class="passedeven"><td rowspan="2">twitterAPITest.Tweet2Test</td><td><a href="#m3">testGetUserTimeLineTweet</a></td><td rowspan="1">1661986148730</td><td rowspan="1">1243</td></tr><tr class="passedeven"><td><a href="#m4">testGetUserTimeLineTweetFollowing</a></td><td rowspan="1">1661986149973</td><td rowspan="1">385</td></tr><tr class="passedodd"><td rowspan="6">twitterAPITest.TweetTest</td><td><a href="#m5">testPropertyFromResponse</a></td><td rowspan="1">1661986152297</td><td rowspan="1">729</td></tr><tr class="passedodd"><td><a href="#m6">verifyDeleteTweet</a></td><td rowspan="1">1661986153314</td><td rowspan="1">214</td></tr><tr class="passedodd"><td><a href="#m7">verifyHeaderValue</a></td><td rowspan="1">1661986153528</td><td rowspan="1">329</td></tr><tr class="passedodd"><td><a href="#m8">verifyHeaderValue1</a></td><td rowspan="1">1661986153857</td><td rowspan="1">264</td></tr><tr class="passedodd"><td><a href="#m9">verifyResponseTime</a></td><td rowspan="1">1661986154122</td><td rowspan="1">268</td></tr><tr class="passedodd"><td><a href="#m10">verifyUserCanNotCreateSameTweetTwiceInARow</a></td><td rowspan="1">1661986154390</td><td rowspan="1">189</td></tr><tr class="passedeven"><td rowspan="3">typicodeTest.TestTypiCode</td><td><a href="#m11">testCreatePost</a></td><td rowspan="1">1661986154579</td><td rowspan="1">367</td></tr><tr class="passedeven"><td><a href="#m12">testGetAllPosts</a></td><td rowspan="1">1661986154946</td><td rowspan="1">90</td></tr><tr class="passedeven"><td><a href="#m13">testUserCanCreateAPostSuccessfully</a></td><td rowspan="1">1661986155036</td><td rowspan="1">156</td></tr></tbody>
</table>
<h2>Surefire test</h2><h3 id="m0">twitterAPITest.TweetTest#testGetUserTimeLineTweet</h3><table class="result"><tr><th>Exception</th></tr><tr><td><div class="stacktrace">java.lang.AssertionError: Text value does not match expected [Hello Babor Vai, Welcome to our class6] but found [We are learning Rest API Automation and Hashem is the team Lead52ebbd53-913d-4f82-a8d2-3b8f395fc166]
	at twitterAPITest.TweetTest.testGetUserTimeLineTweet(TweetTest.java:40)
	at java.base/java.util.ArrayList.forEach(ArrayList.java:1541)
... Removed 37 stack frames</div></td></tr></table><p class="totop"><a href="#summary">back to summary</a></p>
<h3 id="m1">twitterAPITest.TweetTest#testGetUserTimeLineTweetNew</h3><table class="result"><tr><th>Exception</th></tr><tr><td><div class="stacktrace">java.lang.AssertionError: Text value does not match expected [Hello Babor Vai, Welcome to our class6] but found [We are learning Rest API Automation and Hashem is the team Lead52ebbd53-913d-4f82-a8d2-3b8f395fc166]
	at twitterAPITest.TweetTest.testGetUserTimeLineTweetNew(TweetTest.java:62)
	at java.base/java.util.ArrayList.forEach(ArrayList.java:1541)
... Removed 37 stack frames</div></td></tr></table><p class="totop"><a href="#summary">back to summary</a></p>
<h3 id="m2">twitterAPITest.TweetTest#verifyCreateTweet</h3><table class="result"><tr><th>Exception</th></tr><tr><td><div class="stacktrace">java.lang.AssertionError: 1 expectation failed.
Expected status code &lt;200&gt; but was &lt;403&gt;.

	at org.codehaus.groovy.runtime.callsite.ConstructorSite$ConstructorSiteNoUnwrap.callConstructor(ConstructorSite.java:86)
	at org.codehaus.groovy.runtime.callsite.CallSiteArray.defaultCallConstructor(CallSiteArray.java:58)
	at org.codehaus.groovy.runtime.callsite.AbstractCallSite.callConstructor(AbstractCallSite.java:263)
	at org.codehaus.groovy.runtime.callsite.AbstractCallSite.callConstructor(AbstractCallSite.java:277)
	at io.restassured.internal.ResponseSpecificationImpl$HamcrestAssertionClosure.validate(ResponseSpecificationImpl.groovy:512)
	at io.restassured.internal.ResponseSpecificationImpl$HamcrestAssertionClosure$validate$1.call(Unknown Source)
	at io.restassured.internal.ResponseSpecificationImpl.validateResponseIfRequired(ResponseSpecificationImpl.groovy:696)
	at io.restassured.internal.ResponseSpecificationImpl.this$2$validateResponseIfRequired(ResponseSpecificationImpl.groovy)
	at org.codehaus.groovy.runtime.callsite.PlainObjectMetaMethodSite.doInvoke(PlainObjectMetaMethodSite.java:43)
	at org.codehaus.groovy.runtime.callsite.PogoMetaMethodSite$PogoCachedMethodSiteNoUnwrapNoCoerce.invoke(PogoMetaMethodSite.java:198)
	at org.codehaus.groovy.runtime.callsite.PogoMetaMethodSite.callCurrent(PogoMetaMethodSite.java:62)
	at org.codehaus.groovy.runtime.callsite.AbstractCallSite.callCurrent(AbstractCallSite.java:185)
	at io.restassured.internal.ResponseSpecificationImpl.statusCode(ResponseSpecificationImpl.groovy:135)
	at io.restassured.specification.ResponseSpecification$statusCode$0.callCurrent(Unknown Source)
	at io.restassured.internal.ResponseSpecificationImpl.statusCode(ResponseSpecificationImpl.groovy:143)
	at io.restassured.internal.ValidatableResponseOptionsImpl.statusCode(ValidatableResponseOptionsImpl.java:89)
	at twitterAPITest.TweetTest.verifyCreateTweet(TweetTest.java:75)
	at java.base/java.util.ArrayList.forEach(ArrayList.java:1541)
... Removed 42 stack frames</div></td></tr></table><p class="totop"><a href="#summary">back to summary</a></p>
<h3 id="m3">twitterAPITest.Tweet2Test#testGetUserTimeLineTweet</h3><table class="result"><tr><th class="invisible"/></tr></table><p class="totop"><a href="#summary">back to summary</a></p>
<h3 id="m4">twitterAPITest.Tweet2Test#testGetUserTimeLineTweetFollowing</h3><table class="result"><tr><th class="invisible"/></tr></table><p class="totop"><a href="#summary">back to summary</a></p>
<h3 id="m5">twitterAPITest.TweetTest#testPropertyFromResponse</h3><table class="result"><tr><th class="invisible"/></tr></table><p class="totop"><a href="#summary">back to summary</a></p>
<h3 id="m6">twitterAPITest.TweetTest#verifyDeleteTweet</h3><table class="result"><tr><th class="invisible"/></tr></table><p class="totop"><a href="#summary">back to summary</a></p>
<h3 id="m7">twitterAPITest.TweetTest#verifyHeaderValue</h3><table class="result"><tr><th class="invisible"/></tr></table><p class="totop"><a href="#summary">back to summary</a></p>
<h3 id="m8">twitterAPITest.TweetTest#verifyHeaderValue1</h3><table class="result"><tr><th class="invisible"/></tr></table><p class="totop"><a href="#summary">back to summary</a></p>
<h3 id="m9">twitterAPITest.TweetTest#verifyResponseTime</h3><table class="result"><tr><th class="invisible"/></tr></table><p class="totop"><a href="#summary">back to summary</a></p>
<h3 id="m10">twitterAPITest.TweetTest#verifyUserCanNotCreateSameTweetTwiceInARow</h3><table class="result"><tr><th class="invisible"/></tr></table><p class="totop"><a href="#summary">back to summary</a></p>
<h3 id="m11">typicodeTest.TestTypiCode#testCreatePost</h3><table class="result"><tr><th class="invisible"/></tr></table><p class="totop"><a href="#summary">back to summary</a></p>
<h3 id="m12">typicodeTest.TestTypiCode#testGetAllPosts</h3><table class="result"><tr><th class="invisible"/></tr></table><p class="totop"><a href="#summary">back to summary</a></p>
<h3 id="m13">typicodeTest.TestTypiCode#testUserCanCreateAPostSuccessfully</h3><table class="result"><tr><th class="invisible"/></tr></table><p class="totop"><a href="#summary">back to summary</a></p>
</body>
</html>
